<?xml version="1.0" encoding="UTF-8"?>
<!-- Generated by org.testng.reporters.JUnitReportReporter -->
<testsuite skipped="0" hostname="DKS-Mikhailov" name="CarPostTest" tests="1" failures="0" timestamp="25 сен 2018 08:59:23 GMT" time="2.663" errors="0">
  <testcase name="postRequestTest" time="2.663" classname="CarPostTest"/>
</testsuite> <!-- CarPostTest -->
